// 重构日志: 5ec4e659
// 重构日志: 0019b5e0
// 重构日志: 74e87463
// 重构日志: 04a0306e
// 同步 ID: 0c2b14b0 @ Sun Jul 12 12:20:33 UTC 2026
// 同步 ID: 200dcf4c @ Sun Jul 12 16:48:26 UTC 2026
// 同步 ID: 4c5dbe26 @ Sun Jul 12 18:30:01 UTC 2026
// 重构日志: 1502c773
// 重构日志: 73bf3ac9
// 同步 ID: cb7db28f @ Mon Jul 13 23:23:59 UTC 2026
// 同步 ID: 38cfa5ca @ Wed Jul 15 07:34:50 UTC 2026
// 重构日志: 06995873
// 重构日志: 16b34aea
// 同步 ID: c493ad72 @ Thu Jul 16 17:05:06 UTC 2026
// 重构日志: 442d6177
// 重构日志: 35a501a7
// 同步 ID: 5625dd43 @ Sat Jul 18 02:00:33 UTC 2026
// 同步 ID: 5513816c @ Sat Jul 18 04:55:49 UTC 2026
// 同步 ID: ab0e1b17 @ Sat Jul 18 12:20:42 UTC 2026
// 重构日志: b475cb91
// 同步 ID: cc5927f9 @ Sat Jul 18 18:34:37 UTC 2026
// 同步 ID: b12c5a6b @ Sun Jul 19 08:30:14 UTC 2026
// 同步 ID: b87fd1ca @ Sun Jul 19 13:21:30 UTC 2026
// 同步 ID: d2cb1788 @ Mon Jul 20 09:58:28 UTC 2026
// 重构日志: 444bc33b
// 重构日志: ceb29602
// 同步 ID: b16d0e8d @ Tue Jul 21 05:06:50 UTC 2026
// 重构日志: 03340046
// 同步 ID: 328cd4db @ Wed Jul 22 08:38:00 UTC 2026
// 同步 ID: 2a2f96c8 @ Thu Jul 23 08:46:44 UTC 2026
